#
# A fatal error has been detected by the Java Runtime Environment:
#
#  EXCEPTION_ACCESS_VIOLATION (0xc0000005) at pc=0x00007ffb826466f2, pid=14432, tid=14776
#
# JRE version: Java(TM) SE Runtime Environment (18.0.1.1+2) (build 18.0.1.1+2-6)
# Java VM: Java HotSpot(TM) 64-Bit Server VM (18.0.1.1+2-6, mixed mode, sharing, tiered, compressed oops, compressed class ptrs, g1 gc, windows-amd64)
# Problematic frame:
# V  [jvm.dll+0x2f66f2]
#
# No core dump will be written. Minidumps are not enabled by default on client versions of Windows
#
# If you would like to submit a bug report, please visit:
#   https://bugreport.java.com/bugreport/crash.jsp
#

---------------  S U M M A R Y ------------

Command Line: -XX:+ShowCodeDetailsInExceptionMessages com.example.servicoshow.ServicoShowApplication

Host: Intel(R) Core(TM) i3-9100F CPU @ 3.60GHz, 4 cores, 7G,  Windows 10 , 64 bit Build 19041 (10.0.19041.2251)
Time: Mon Nov 28 21:44:09 2022 Bahia Standard Time elapsed time: 1181.004406 seconds (0d 0h 19m 41s)

---------------  T H R E A D  ---------------

Current thread (0x000001debe444bd0):  WorkerThread "G1 Conc#0" [stack: 0x00000051b5700000,0x00000051b5800000] [id=14776]

Stack: [0x00000051b5700000,0x00000051b5800000],  sp=0x00000051b57ff7d0,  free space=1021k
Native frames: (J=compiled Java code, j=interpreted, Vv=VM code, C=native code)
V  [jvm.dll+0x2f66f2]
V  [jvm.dll+0x2f643f]
V  [jvm.dll+0x2f486d]
V  [jvm.dll+0x2f4282]
V  [jvm.dll+0x307420]
V  [jvm.dll+0x303a91]
V  [jvm.dll+0x30563c]
V  [jvm.dll+0x3043be]
V  [jvm.dll+0x307fc6]
V  [jvm.dll+0x81fae4]
V  [jvm.dll+0x7a03ea]
V  [jvm.dll+0x697725]
C  [ucrtbase.dll+0x21bb2]
C  [KERNEL32.DLL+0x174b4]
C  [ntdll.dll+0x526a1]


siginfo: EXCEPTION_ACCESS_VIOLATION (0xc0000005), reading address 0xffffffffffffffff


Register to memory mapping:

RIP=0x00007ffb826466f2 jvm.dll
RAX=0x000001debe3ff110 points into unknown readable memory: 0x3e000000bebafeca | ca fe ba be 00 00 00 3e
RBX=0x000001debe447300 points into unknown readable memory: 0x00007ffb82c6ee60 | 60 ee c6 82 fb 7f 00 00
RCX=0x0000000000000014 is an unknown value
RDX=0x0 is NULL
RSP=0x00000051b57ff7d0 points into unknown readable memory: 0x00000000814665d0 | d0 65 46 81 00 00 00 00
RBP=0x0 is NULL
RSI=0x000001debe4333b0 points into unknown readable memory: 0x000001debe443b30 | 30 3b 44 be de 01 00 00
RDI=0x0000000000000008 is an unknown value
R8 =0x0000000000000008 is an unknown value
R9 =0x3e000000bebafeca is an unknown value
R10=0x0000000000000006 is an unknown value
R11=0x0000000000000003 is an unknown value
R12=0x0 is NULL
R13=0xaaaaaaaaaaaaaaab is an unknown value
R14=0x00000000814fc0a0 is an oop: java.lang.Class 
{0x00000000814fc0a0} - klass: 'java/lang/Class'
 - ---- fields (total size 14 words):
 - private volatile transient 'classRedefinedCount' 'I' @12  0
 - abstract internal 'klass' 'J' @16  34373176312 (cd0bf8 8)
 - abstract internal 'array_klass' 'J' @24  0 (0 0)
 - abstract internal 'oop_size' 'I' @32  14 (e)
 - abstract internal 'static_oop_field_count' 'I' @36  0
 - private volatile transient 'cachedConstructor' 'Ljava/lang/reflect/Constructor;' @40  NULL (0)
 - private transient 'name' 'Ljava/lang/String;' @44  "ch.qos.logback.classic.jul.JULHelper"{0x00000000814fc110} (814fc110)
 - private transient 'module' 'Ljava/lang/Module;' @48  a 'java/lang/Module'{0x00000000812462d8} (812462d8)
 - private final 'classLoader' 'Ljava/lang/ClassLoader;' @52  a 'jdk/internal/loader/ClassLoaders$AppClassLoader'{0x000000008122ec00} (8122ec00)
 - private transient 'classData' 'Ljava/lang/Object;' @56  NULL (0)
 - private transient 'packageName' 'Ljava/lang/String;' @60  "ch.qos.logback.classic.jul"{0x000000008145fb88} (8145fb88)
 - private final 'componentType' 'Ljava/lang/Class;' @64  NULL (0)
 - private volatile transient 'reflectionData' 'Ljava/lang/ref/SoftReference;' @68  NULL (0)
 - private volatile transient 'genericInfo' 'Lsun/reflect/generics/repository/ClassRepository;' @72  NULL (0)
 - private volatile transient 'enumConstants' '[Ljava/lang/Object;' @76  NULL (0)
 - private volatile transient 'enumConstantDirectory' 'Ljava/util/Map;' @80  NULL (0)
 - private volatile transient 'annotationData' 'Ljava/lang/Class$AnnotationData;' @84  NULL (0)
 - private volatile transient 'annotationType' 'Lsun/reflect/annotation/AnnotationType;' @88  
[error occurred during error reporting (printing register info), id 0xc0000005, EXCEPTION_ACCESS_VIOLATION (0xc0000005) at pc=0x00007ffb829d512d]

Registers:
RAX=0x000001debe3ff110, RBX=0x000001debe447300, RCX=0x0000000000000014, RDX=0x0000000000000000
RSP=0x00000051b57ff7d0, RBP=0x0000000000000000, RSI=0x000001debe4333b0, RDI=0x0000000000000008
R8 =0x0000000000000008, R9 =0x3e000000bebafeca, R10=0x0000000000000006, R11=0x0000000000000003
R12=0x0000000000000000, R13=0xaaaaaaaaaaaaaaab, R14=0x00000000814fc0a0, R15=0x0000000800013630
RIP=0x00007ffb826466f2, EFLAGS=0x0000000000010246

Top of Stack: (sp=0x00000051b57ff7d0)
0x00000051b57ff7d0:   00000000814665d0 00007ffb8264643f
0x00000051b57ff7e0:   000001debe447300 00000051b57ff9a0
0x00000051b57ff7f0:   0000000000000008 00007ffb8264643f
0x00000051b57ff800:   000001debe447300 00000051b57ff9a0
0x00000051b57ff810:   0000000800013628 00000051b57ff9a0
0x00000051b57ff820:   00000000814fc10c 00007ffb8264486d
0x00000051b57ff830:   00000000814fc0f8 0000000000000000
0x00000051b57ff840:   00000000814665b8 00007ffb82644282
0x00000051b57ff850:   0000000000000001 0000000800013348
0x00000051b57ff860:   00000051b57ff9a0 00007ffb82644282
0x00000051b57ff870:   00000000814fc0a0 00000051b57ff960
0x00000051b57ff880:   000000000000000e 0000000000000040
0x00000051b57ff890:   000001debe447300 00007ffb82657420
0x00000051b57ff8a0:   00000000814fc0a0 000001debe433400
0x00000051b57ff8b0:   00000051b57ff960 000001debe433400
0x00000051b57ff8c0:   00000000814fc0a0 00007ffb82653a91 

Instructions: (pc=0x00007ffb826466f2)
0x00007ffb826465f2:   75 ee 32 db 48 8b 6c 24 38 0f b6 c3 48 8b 5c 24
0x00007ffb82646602:   30 48 8b 74 24 40 48 83 c4 20 5f c3 80 3d d4 c4
0x00007ffb82646612:   83 00 00 b3 01 74 15 8b 57 08 8b 0d 8e 83 7c 00
0x00007ffb82646622:   48 d3 e2 48 03 15 7c 83 7c 00 eb 04 48 8b 57 08
0x00007ffb82646632:   48 8b cf e8 06 e7 ec ff 48 8b 8e 08 03 00 00 4c
0x00007ffb82646642:   8b d8 4c 8b 0c e9 49 8b 51 18 8b 8a 48 02 00 00
0x00007ffb82646652:   4c 8b 82 40 02 00 00 41 8b 51 60 49 d3 e0 8b 0d
0x00007ffb82646662:   8a ce 83 00 49 2b f8 48 d3 ef 44 8b d7 49 23 d2
0x00007ffb82646672:   48 c1 e2 04 49 03 51 40 8b 02 3b c7 74 2d 4c 8b
0x00007ffb82646682:   42 08 4d 85 c0 74 0c 8b c8 49 8b 41 38 f0 4c 0f
0x00007ffb82646692:   c1 04 c8 48 c7 42 08 00 00 00 00 44 89 12 49 ff
0x00007ffb826466a2:   41 58 4c 01 5a 08 e9 49 ff ff ff 49 ff 41 50 4c
0x00007ffb826466b2:   01 5a 08 e9 3c ff ff ff cc cc cc cc cc cc 48 89
0x00007ffb826466c2:   6c 24 10 48 89 74 24 18 57 48 83 ec 20 48 8b 41
0x00007ffb826466d2:   08 48 8b f1 4d 8b c8 8b ea 49 8b f8 8b 88 48 02
0x00007ffb826466e2:   00 00 48 8b 80 38 02 00 00 49 d3 e9 4e 8b 0c c8
0x00007ffb826466f2:   4d 3b 41 78 72 12 32 c0 48 8b 6c 24 38 48 8b 74
0x00007ffb82646702:   24 40 48 83 c4 20 5f c3 48 89 5c 24 30 48 8b d7
0x00007ffb82646712:   48 8b 9e 98 00 00 00 48 8b cb 48 8b 03 ff 10 8b
0x00007ffb82646722:   4b 18 48 8b d7 48 2b 53 08 48 8b 43 20 48 c1 ea
0x00007ffb82646732:   03 48 d3 ea 48 8b ca 48 c1 e9 06 4c 8d 04 c8 0f
0x00007ffb82646742:   b6 ca 49 8b 00 80 e1 3f ba 01 00 00 00 48 d3 e2
0x00007ffb82646752:   48 8b c8 48 0b ca 48 3b c8 74 15 0f 1f 00 f0 49
0x00007ffb82646762:   0f b1 08 74 25 48 8b c8 48 0b ca 48 3b c8 75 ee
0x00007ffb82646772:   32 db 48 8b 6c 24 38 0f b6 c3 48 8b 5c 24 30 48
0x00007ffb82646782:   8b 74 24 40 48 83 c4 20 5f c3 80 3d 56 c3 83 00
0x00007ffb82646792:   00 b3 01 74 15 8b 57 08 8b 0d 10 82 7c 00 48 d3
0x00007ffb826467a2:   e2 48 03 15 fe 81 7c 00 eb 04 48 8b 57 08 48 8b
0x00007ffb826467b2:   cf e8 88 e5 ec ff 48 8b 8e 08 03 00 00 4c 8b d8
0x00007ffb826467c2:   4c 8b 0c e9 49 8b 51 18 8b 8a 48 02 00 00 4c 8b
0x00007ffb826467d2:   82 40 02 00 00 41 8b 51 60 49 d3 e0 8b 0d 0c cd
0x00007ffb826467e2:   83 00 49 2b f8 48 d3 ef 44 8b d7 49 23 d2 48 c1 


Stack slot to memory mapping:
stack at sp + 0 slots: 0x00000000814665d0 is an oop: [B 
{0x00000000814665d0} - klass: {type array byte}
 - length: 30
stack at sp + 1 slots: 0x00007ffb8264643f jvm.dll
stack at sp + 2 slots: 0x000001debe447300 points into unknown readable memory: 0x00007ffb82c6ee60 | 60 ee c6 82 fb 7f 00 00
stack at sp + 3 slots: 0x00000051b57ff9a0 points into unknown readable memory: 0x00007ffb82c6ee80 | 80 ee c6 82 fb 7f 00 00
stack at sp + 4 slots: 0x0000000000000008 is an unknown value
stack at sp + 5 slots: 0x00007ffb8264643f jvm.dll
stack at sp + 6 slots: 0x000001debe447300 points into unknown readable memory: 0x00007ffb82c6ee60 | 60 ee c6 82 fb 7f 00 00
stack at sp + 7 slots: 0x00000051b57ff9a0 points into unknown readable memory: 0x00007ffb82c6ee80 | 80 ee c6 82 fb 7f 00 00


---------------  P R O C E S S  ---------------

Threads class SMR info:
_java_thread_list=0x000001dee2c9af50, length=29, elements={
0x000001deddbebee0, 0x000001deddbeca50, 0x000001deddc06f30, 0x000001deddc077e0,
0x000001deddc08090, 0x000001deddc08940, 0x000001deddc09520, 0x000001deddc09e10,
0x000001deddc27010, 0x000001dee20a6c90, 0x000001dee20b7a60, 0x000001dee4961790,
0x000001dee4963940, 0x000001dee4961c60, 0x000001dee4962600, 0x000001dee4962fa0,
0x000001dee49647b0, 0x000001dee4964c80, 0x000001dee453ded0, 0x000001dee453a510,
0x000001dee453e3a0, 0x000001dee4538830, 0x000001dee453da00, 0x000001dee4538360,
0x000001dee453ed40, 0x000001dee4538d00, 0x000001dee453fbb0, 0x000001dee453d060,
0x000001dee45391d0
}

Java Threads: ( => current thread )
  0x000001deddbebee0 JavaThread "Reference Handler" daemon [_thread_blocked, id=10560, stack(0x00000051b5b00000,0x00000051b5c00000)]
  0x000001deddbeca50 JavaThread "Finalizer" daemon [_thread_blocked, id=6308, stack(0x00000051b5c00000,0x00000051b5d00000)]
  0x000001deddc06f30 JavaThread "Signal Dispatcher" daemon [_thread_blocked, id=7212, stack(0x00000051b5d00000,0x00000051b5e00000)]
  0x000001deddc077e0 JavaThread "Attach Listener" daemon [_thread_blocked, id=6680, stack(0x00000051b5e00000,0x00000051b5f00000)]
  0x000001deddc08090 JavaThread "Service Thread" daemon [_thread_blocked, id=11560, stack(0x00000051b5f00000,0x00000051b6000000)]
  0x000001deddc08940 JavaThread "Monitor Deflation Thread" daemon [_thread_blocked, id=13128, stack(0x00000051b6000000,0x00000051b6100000)]
  0x000001deddc09520 JavaThread "C2 CompilerThread0" daemon [_thread_blocked, id=9840, stack(0x00000051b6100000,0x00000051b6200000)]
  0x000001deddc09e10 JavaThread "C1 CompilerThread0" daemon [_thread_blocked, id=10928, stack(0x00000051b6200000,0x00000051b6300000)]
  0x000001deddc27010 JavaThread "Sweeper thread" daemon [_thread_blocked, id=9816, stack(0x00000051b6300000,0x00000051b6400000)]
  0x000001dee20a6c90 JavaThread "Notification Thread" daemon [_thread_blocked, id=11132, stack(0x00000051b6400000,0x00000051b6500000)]
  0x000001dee20b7a60 JavaThread "Common-Cleaner" daemon [_thread_blocked, id=11152, stack(0x00000051b6600000,0x00000051b6700000)]
  0x000001dee4961790 JavaThread "Catalina-utility-1" [_thread_blocked, id=9188, stack(0x00000051b6b00000,0x00000051b6c00000)]
  0x000001dee4963940 JavaThread "Catalina-utility-2" [_thread_blocked, id=9040, stack(0x00000051b6c00000,0x00000051b6d00000)]
  0x000001dee4961c60 JavaThread "container-0" [_thread_blocked, id=9024, stack(0x00000051b6d00000,0x00000051b6e00000)]
  0x000001dee4962600 JavaThread "mysql-cj-abandoned-connection-cleanup" daemon [_thread_blocked, id=8704, stack(0x00000051b6e00000,0x00000051b6f00000)]
  0x000001dee4962fa0 JavaThread "HikariPool-1 housekeeper" daemon [_thread_blocked, id=14368, stack(0x00000051b7000000,0x00000051b7100000)]
  0x000001dee49647b0 JavaThread "http-nio-8080-exec-1" daemon [_thread_blocked, id=8748, stack(0x00000051b7200000,0x00000051b7300000)]
  0x000001dee4964c80 JavaThread "http-nio-8080-exec-2" daemon [_thread_blocked, id=3308, stack(0x00000051b7300000,0x00000051b7400000)]
  0x000001dee453ded0 JavaThread "http-nio-8080-exec-3" daemon [_thread_blocked, id=8752, stack(0x00000051b7400000,0x00000051b7500000)]
  0x000001dee453a510 JavaThread "http-nio-8080-exec-4" daemon [_thread_blocked, id=7236, stack(0x00000051b7500000,0x00000051b7600000)]
  0x000001dee453e3a0 JavaThread "http-nio-8080-exec-5" daemon [_thread_blocked, id=4832, stack(0x00000051b7600000,0x00000051b7700000)]
  0x000001dee4538830 JavaThread "http-nio-8080-exec-6" daemon [_thread_blocked, id=1324, stack(0x00000051b7700000,0x00000051b7800000)]
  0x000001dee453da00 JavaThread "http-nio-8080-exec-7" daemon [_thread_blocked, id=1236, stack(0x00000051b7800000,0x00000051b7900000)]
  0x000001dee4538360 JavaThread "http-nio-8080-exec-8" daemon [_thread_blocked, id=8076, stack(0x00000051b7900000,0x00000051b7a00000)]
  0x000001dee453ed40 JavaThread "http-nio-8080-exec-9" daemon [_thread_blocked, id=8760, stack(0x00000051b7a00000,0x00000051b7b00000)]
  0x000001dee4538d00 JavaThread "http-nio-8080-exec-10" daemon [_thread_blocked, id=9060, stack(0x00000051b7b00000,0x00000051b7c00000)]
  0x000001dee453fbb0 JavaThread "http-nio-8080-Poller" daemon [_thread_in_native, id=6444, stack(0x00000051b7c00000,0x00000051b7d00000)]
  0x000001dee453d060 JavaThread "http-nio-8080-Acceptor" daemon [_thread_in_native, id=11968, stack(0x00000051b7d00000,0x00000051b7e00000)]
  0x000001dee45391d0 JavaThread "DestroyJavaVM" [_thread_blocked, id=15960, stack(0x00000051b5400000,0x00000051b5500000)]

Other Threads:
  0x000001debe451020 VMThread "VM Thread" [stack: 0x00000051b5a00000,0x00000051b5b00000] [id=5416]
  0x000001dee20ac590 WatcherThread "VM Periodic Task Thread" [stack: 0x00000051b6500000,0x00000051b6600000] [id=11088]
  0x000001debe430e90 WorkerThread "GC Thread#0" [stack: 0x00000051b5500000,0x00000051b5600000] [id=6328]
  0x000001dee2721e40 WorkerThread "GC Thread#1" [stack: 0x00000051b6700000,0x00000051b6800000] [id=10460]
  0x000001dee27220e0 WorkerThread "GC Thread#2" [stack: 0x00000051b6800000,0x00000051b6900000] [id=11232]
  0x000001dee2722a60 WorkerThread "GC Thread#3" [stack: 0x00000051b6900000,0x00000051b6a00000] [id=1908]
  0x000001debe443b30 ConcurrentGCThread "G1 Main Marker" [stack: 0x00000051b5600000,0x00000051b5700000] [id=13724]
=>0x000001debe444bd0 WorkerThread "G1 Conc#0" [stack: 0x00000051b5700000,0x00000051b5800000] [id=14776]
  0x000001debe47e8b0 ConcurrentGCThread "G1 Refine#0" [stack: 0x00000051b5800000,0x00000051b5900000] [id=10360]
  0x000001deddaa6210 ConcurrentGCThread "G1 Service" [stack: 0x00000051b5900000,0x00000051b5a00000] [id=12664]

Threads with active compile tasks:

VM state: not at safepoint (normal execution)

VM Mutex/Monitor currently owned by a thread: None

Heap address: 0x0000000080e00000, size: 2034 MB, Compressed Oops mode: 32-bit

CDS archive(s) mapped at: [0x0000000800000000-0x0000000800ba0000-0x0000000800ba0000), size 12189696, SharedBaseAddress: 0x0000000800000000, ArchiveRelocationMode: 0.
Compressed class space mapped at: 0x0000000800c00000-0x0000000840c00000, reserved size: 1073741824
Narrow klass base: 0x0000000800000000, Narrow klass shift: 0, Narrow klass range: 0x100000000

GC Precious Log:
 CardTable entry size: 512
 Card Set container configuration: InlinePtr #cards 5 size 8 Array Of Cards #cards 12 size 40 Howl #buckets 4 coarsen threshold 1843 Howl Bitmap #cards 512 size 80 coarsen threshold 460 Card regions per heap region 1 cards per card region 2048
 CPUs: 4 total, 4 available
 Memory: 8132M
 Large Page Support: Disabled
 NUMA Support: Disabled
 Compressed Oops: Enabled (32-bit)
 Heap Region Size: 1M
 Heap Min Capacity: 8M
 Heap Initial Capacity: 128M
 Heap Max Capacity: 2034M
 Pre-touch: Disabled
 Parallel Workers: 4
 Concurrent Workers: 1
 Concurrent Refinement Workers: 4
 Periodic GC: Disabled

Heap:
 garbage-first heap   total 61440K, used 33048K [0x0000000080e00000, 0x0000000100000000)
  region size 1024K, 4 young (4096K), 3 survivors (3072K)
 Metaspace       used 63080K, committed 63680K, reserved 1114112K
  class space    used 8034K, committed 8320K, reserved 1048576K

Heap Regions: E=young(eden), S=young(survivor), O=old, HS=humongous(starts), HC=humongous(continues), CS=collection set, F=free, OA=open archive, CA=closed archive, TAMS=top-at-mark-start (previous, next)
|   0|0x0000000080e00000, 0x0000000080f00000, 0x0000000080f00000|100%|HS|  |TAMS 0x0000000080f00000, 0x0000000080f00000| Complete 
|   1|0x0000000080f00000, 0x0000000081000000, 0x0000000081000000|100%| O|  |TAMS 0x0000000081000000, 0x0000000081000000| Untracked 
|   2|0x0000000081000000, 0x0000000081100000, 0x0000000081100000|100%| O|  |TAMS 0x0000000081100000, 0x0000000081100000| Untracked 
|   3|0x0000000081100000, 0x0000000081200000, 0x0000000081200000|100%| O|  |TAMS 0x0000000081200000, 0x0000000081200000| Untracked 
|   4|0x0000000081200000, 0x0000000081300000, 0x0000000081300000|100%| O|  |TAMS 0x0000000081300000, 0x0000000081300000| Untracked 
|   5|0x0000000081300000, 0x0000000081400000, 0x0000000081400000|100%| O|  |TAMS 0x0000000081400000, 0x0000000081400000| Untracked 
|   6|0x0000000081400000, 0x0000000081500000, 0x0000000081500000|100%| O|  |TAMS 0x0000000081500000, 0x0000000081500000| Untracked 
|   7|0x0000000081500000, 0x0000000081600000, 0x0000000081600000|100%| O|  |TAMS 0x0000000081600000, 0x0000000081600000| Untracked 
|   8|0x0000000081600000, 0x0000000081700000, 0x0000000081700000|100%| O|  |TAMS 0x0000000081700000, 0x0000000081700000| Untracked 
|   9|0x0000000081700000, 0x0000000081800000, 0x0000000081800000|100%| O|  |TAMS 0x0000000081800000, 0x0000000081800000| Untracked 
|  10|0x0000000081800000, 0x0000000081900000, 0x0000000081900000|100%| O|  |TAMS 0x0000000081900000, 0x0000000081900000| Untracked 
|  11|0x0000000081900000, 0x0000000081a00000, 0x0000000081a00000|100%| O|  |TAMS 0x0000000081a00000, 0x0000000081a00000| Untracked 
|  12|0x0000000081a00000, 0x0000000081b00000, 0x0000000081b00000|100%| O|  |TAMS 0x0000000081b00000, 0x0000000081b00000| Untracked 
|  13|0x0000000081b00000, 0x0000000081c00000, 0x0000000081c00000|100%| O|  |TAMS 0x0000000081c00000, 0x0000000081c00000| Untracked 
|  14|0x0000000081c00000, 0x0000000081d00000, 0x0000000081d00000|100%| O|  |TAMS 0x0000000081d00000, 0x0000000081d00000| Untracked 
|  15|0x0000000081d00000, 0x0000000081e00000, 0x0000000081e00000|100%| O|  |TAMS 0x0000000081e00000, 0x0000000081e00000| Untracked 
|  16|0x0000000081e00000, 0x0000000081f00000, 0x0000000081f00000|100%| O|  |TAMS 0x0000000081f00000, 0x0000000081f00000| Untracked 
|  17|0x0000000081f00000, 0x0000000082000000, 0x0000000082000000|100%| O|  |TAMS 0x0000000082000000, 0x0000000082000000| Untracked 
|  18|0x0000000082000000, 0x0000000082100000, 0x0000000082100000|100%| O|  |TAMS 0x0000000082100000, 0x0000000082100000| Untracked 
|  19|0x0000000082100000, 0x0000000082200000, 0x0000000082200000|100%| O|  |TAMS 0x0000000082200000, 0x0000000082200000| Untracked 
|  20|0x0000000082200000, 0x0000000082300000, 0x0000000082300000|100%| O|  |TAMS 0x0000000082300000, 0x0000000082300000| Untracked 
|  21|0x0000000082300000, 0x0000000082400000, 0x0000000082400000|100%| O|  |TAMS 0x0000000082400000, 0x0000000082400000| Untracked 
|  22|0x0000000082400000, 0x0000000082500000, 0x0000000082500000|100%| O|  |TAMS 0x0000000082500000, 0x0000000082500000| Untracked 
|  23|0x0000000082500000, 0x0000000082600000, 0x0000000082600000|100%| O|  |TAMS 0x0000000082600000, 0x0000000082600000| Untracked 
|  24|0x0000000082600000, 0x0000000082700000, 0x0000000082700000|100%| O|  |TAMS 0x0000000082700000, 0x0000000082700000| Untracked 
|  25|0x0000000082700000, 0x0000000082800000, 0x0000000082800000|100%| O|  |TAMS 0x0000000082800000, 0x0000000082800000| Untracked 
|  26|0x0000000082800000, 0x0000000082900000, 0x0000000082900000|100%| O|  |TAMS 0x0000000082900000, 0x0000000082900000| Untracked 
|  27|0x0000000082900000, 0x0000000082a00000, 0x0000000082a00000|100%| O|  |TAMS 0x0000000082a00000, 0x0000000082a00000| Untracked 
|  28|0x0000000082a00000, 0x0000000082b00000, 0x0000000082b00000|100%| O|  |TAMS 0x0000000082b00000, 0x0000000082b00000| Untracked 
|  29|0x0000000082b00000, 0x0000000082c00000, 0x0000000082c00000|100%| O|  |TAMS 0x0000000082ba1a00, 0x0000000082c00000| Untracked 
|  30|0x0000000082c00000, 0x0000000082c24a00, 0x0000000082d00000| 14%| O|  |TAMS 0x0000000082c00000, 0x0000000082c24a00| Untracked 
|  31|0x0000000082d00000, 0x0000000082d00000, 0x0000000082e00000|  0%| F|  |TAMS 0x0000000082d00000, 0x0000000082d00000| Untracked 
|  32|0x0000000082e00000, 0x0000000082e00000, 0x0000000082f00000|  0%| F|  |TAMS 0x0000000082e00000, 0x0000000082e00000| Untracked 
|  33|0x0000000082f00000, 0x0000000082f00000, 0x0000000083000000|  0%| F|  |TAMS 0x0000000082f00000, 0x0000000082f00000| Untracked 
|  34|0x0000000083000000, 0x0000000083000000, 0x0000000083100000|  0%| F|  |TAMS 0x0000000083000000, 0x0000000083000000| Untracked 
|  35|0x0000000083100000, 0x0000000083100000, 0x0000000083200000|  0%| F|  |TAMS 0x0000000083100000, 0x0000000083100000| Untracked 
|  36|0x0000000083200000, 0x0000000083200000, 0x0000000083300000|  0%| F|  |TAMS 0x0000000083200000, 0x0000000083200000| Untracked 
|  37|0x0000000083300000, 0x00000000833218a0, 0x0000000083400000| 13%| S|CS|TAMS 0x0000000083300000, 0x0000000083300000| Complete 
|  38|0x0000000083400000, 0x0000000083500000, 0x0000000083500000|100%| S|CS|TAMS 0x0000000083400000, 0x0000000083400000| Complete 
|  39|0x0000000083500000, 0x0000000083600000, 0x0000000083600000|100%| S|CS|TAMS 0x0000000083500000, 0x0000000083500000| Complete 
|  40|0x0000000083600000, 0x0000000083600000, 0x0000000083700000|  0%| F|  |TAMS 0x0000000083600000, 0x0000000083600000| Untracked 
|  41|0x0000000083700000, 0x0000000083700000, 0x0000000083800000|  0%| F|  |TAMS 0x0000000083700000, 0x0000000083700000| Untracked 
|  42|0x0000000083800000, 0x0000000083800000, 0x0000000083900000|  0%| F|  |TAMS 0x0000000083800000, 0x0000000083800000| Untracked 
|  43|0x0000000083900000, 0x0000000083900000, 0x0000000083a00000|  0%| F|  |TAMS 0x0000000083900000, 0x0000000083900000| Untracked 
|  44|0x0000000083a00000, 0x0000000083a00000, 0x0000000083b00000|  0%| F|  |TAMS 0x0000000083a00000, 0x0000000083a00000| Untracked 
|  45|0x0000000083b00000, 0x0000000083b00000, 0x0000000083c00000|  0%| F|  |TAMS 0x0000000083b00000, 0x0000000083b00000| Untracked 
|  46|0x0000000083c00000, 0x0000000083c00000, 0x0000000083d00000|  0%| F|  |TAMS 0x0000000083c00000, 0x0000000083c00000| Untracked 
|  47|0x0000000083d00000, 0x0000000083d00000, 0x0000000083e00000|  0%| F|  |TAMS 0x0000000083d00000, 0x0000000083d00000| Untracked 
|  48|0x0000000083e00000, 0x0000000083e00000, 0x0000000083f00000|  0%| F|  |TAMS 0x0000000083e00000, 0x0000000083e00000| Untracked 
|  49|0x0000000083f00000, 0x0000000083f00000, 0x0000000084000000|  0%| F|  |TAMS 0x0000000083f00000, 0x0000000083f00000| Untracked 
|  50|0x0000000084000000, 0x0000000084000000, 0x0000000084100000|  0%| F|  |TAMS 0x0000000084000000, 0x0000000084000000| Untracked 
|  51|0x0000000084100000, 0x0000000084100000, 0x0000000084200000|  0%| F|  |TAMS 0x0000000084100000, 0x0000000084100000| Untracked 
|  52|0x0000000084200000, 0x0000000084200000, 0x0000000084300000|  0%| F|  |TAMS 0x0000000084200000, 0x0000000084200000| Untracked 
|  53|0x0000000084300000, 0x0000000084300000, 0x0000000084400000|  0%| F|  |TAMS 0x0000000084300000, 0x0000000084300000| Untracked 
| 119|0x0000000088500000, 0x0000000088500000, 0x0000000088600000|  0%| F|  |TAMS 0x0000000088500000, 0x0000000088500000| Untracked 
| 120|0x0000000088600000, 0x0000000088600000, 0x0000000088700000|  0%| F|  |TAMS 0x0000000088600000, 0x0000000088600000| Untracked 
| 121|0x0000000088700000, 0x0000000088700000, 0x0000000088800000|  0%| F|  |TAMS 0x0000000088700000, 0x0000000088700000| Untracked 
| 122|0x0000000088800000, 0x0000000088800000, 0x0000000088900000|  0%| F|  |TAMS 0x0000000088800000, 0x0000000088800000| Untracked 
| 123|0x0000000088900000, 0x0000000088900000, 0x0000000088a00000|  0%| F|  |TAMS 0x0000000088900000, 0x0000000088900000| Untracked 
| 127|0x0000000088d00000, 0x0000000088d29e98, 0x0000000088e00000| 16%| E|  |TAMS 0x0000000088d00000, 0x0000000088d00000| Complete 

Card table byte_map: [0x000001ded6ec0000,0x000001ded72c0000] _byte_map_base: 0x000001ded6ab9000

Marking Bits (Prev, Next): (CMBitMap*) 0x000001debe4333c0, (CMBitMap*) 0x000001debe433400
 Prev Bits: [0x000001ded76c0000, 0x000001ded9688000)
 Next Bits: [0x000001ded9690000, 0x000001dedb658000)

Polling page: 0x000001debe200000

Metaspace:

Usage:
  Non-class:     53.76 MB used.
      Class:      7.85 MB used.
       Both:     61.60 MB used.

Virtual space:
  Non-class space:       64.00 MB reserved,      54.06 MB ( 84%) committed,  1 nodes.
      Class space:        1.00 GB reserved,       8.12 MB ( <1%) committed,  1 nodes.
             Both:        1.06 GB reserved,      62.19 MB (  6%) committed. 

Chunk freelists:
   Non-Class:  1.95 MB
       Class:  3.70 MB
        Both:  5.65 MB

MaxMetaspaceSize: unlimited
CompressedClassSpaceSize: 1.00 GB
Initial GC threshold: 21.00 MB
Current GC threshold: 94.38 MB
CDS: on
MetaspaceReclaimPolicy: balanced
 - commit_granule_bytes: 65536.
 - commit_granule_words: 8192.
 - virtual_space_node_default_size: 8388608.
 - enlarge_chunks_in_place: 1.
 - new_chunks_are_fully_committed: 0.
 - uncommit_free_chunks: 1.
 - use_allocation_guard: 0.


Internal statistics:

num_allocs_failed_limit: 9.
num_arena_births: 816.
num_arena_deaths: 0.
num_vsnodes_births: 2.
num_vsnodes_deaths: 0.
num_space_committed: 995.
num_space_uncommitted: 0.
num_chunks_returned_to_freelist: 9.
num_chunks_taken_from_freelist: 3146.
num_chunk_merges: 6.
num_chunk_splits: 2249.
num_chunks_enlarged: 1817.
num_inconsistent_stats: 0.

CodeHeap 'non-profiled nmethods': size=120000Kb used=4464Kb max_used=4941Kb free=115535Kb
 bounds [0x000001decef70000, 0x000001decf450000, 0x000001ded64a0000]
CodeHeap 'profiled nmethods': size=120000Kb used=17289Kb max_used=17932Kb free=102711Kb
 bounds [0x000001dec7a40000, 0x000001dec8bd0000, 0x000001decef70000]
CodeHeap 'non-nmethods': size=5760Kb used=1325Kb max_used=1389Kb free=4434Kb
 bounds [0x000001dec74a0000, 0x000001dec7710000, 0x000001dec7a40000]
 total_blobs=8790 nmethods=8149 adapters=552
 compilation: enabled
              stopped_count=0, restarted_count=0
 full_count=0

Compilation events (20 events):
Event: 1180.986 Thread 0x000001deddc09e10 9253       3       org.hibernate.engine.internal.SessionEventListenerManagerImpl::jdbcPrepareStatementStart (42 bytes)
Event: 1180.986 Thread 0x000001deddc09e10 nmethod 9253 0x000001dec7f01810 code [0x000001dec7f019c0, 0x000001dec7f01c88]
Event: 1180.986 Thread 0x000001deddc09e10 9254       3       org.hibernate.engine.jdbc.internal.StatementPreparerImpl$5::doPrepare (43 bytes)
Event: 1180.986 Thread 0x000001deddc09e10 nmethod 9254 0x000001dec84c9410 code [0x000001dec84c9660, 0x000001dec84c9e78]
Event: 1180.986 Thread 0x000001deddc09e10 9255       3       org.hibernate.engine.internal.SessionEventListenerManagerImpl::jdbcPrepareStatementEnd (42 bytes)
Event: 1180.987 Thread 0x000001deddc09e10 nmethod 9255 0x000001dec8237590 code [0x000001dec8237740, 0x000001dec8237a08]
Event: 1180.987 Thread 0x000001deddc09e10 9256       3       org.hibernate.resource.jdbc.internal.ResourceRegistryStandardImpl::register (50 bytes)
Event: 1180.987 Thread 0x000001deddc09520 9261       4       java.nio.StringCharBuffer::get (19 bytes)
Event: 1180.987 Thread 0x000001deddc09e10 nmethod 9256 0x000001dec8058d10 code [0x000001dec8058ee0, 0x000001dec8059448]
Event: 1180.987 Thread 0x000001deddc09e10 9260       3       sun.nio.cs.ISO_8859_1$Encoder::encodeLoop (28 bytes)
Event: 1180.987 Thread 0x000001deddc09e10 nmethod 9260 0x000001dec831dd90 code [0x000001dec831df60, 0x000001dec831e378]
Event: 1180.987 Thread 0x000001deddc09e10 9257       3       org.hibernate.engine.jdbc.internal.StatementPreparerImpl::setStatementFetchSize (31 bytes)
Event: 1180.987 Thread 0x000001deddc09e10 nmethod 9257 0x000001dec7bb6910 code [0x000001dec7bb6b20, 0x000001dec7bb72a8]
Event: 1180.987 Thread 0x000001deddc09e10 9258       3       org.hibernate.engine.internal.SessionEventListenerManagerImpl::jdbcExecuteStatementStart (42 bytes)
Event: 1180.987 Thread 0x000001deddc09e10 nmethod 9258 0x000001dec7b6e790 code [0x000001dec7b6e940, 0x000001dec7b6ec08]
Event: 1180.987 Thread 0x000001deddc09e10 9259   !   3       org.hibernate.resource.jdbc.internal.ResourceRegistryStandardImpl::register (136 bytes)
Event: 1180.988 Thread 0x000001deddc09520 nmethod 9261 0x000001decf020f90 code [0x000001decf021120, 0x000001decf0212c8]
Event: 1180.988 Thread 0x000001deddc09e10 nmethod 9259 0x000001dec7c3ae10 code [0x000001dec7c3b0c0, 0x000001dec7c3c078]
Event: 1180.988 Thread 0x000001deddc09e10 9262       3       sun.nio.cs.ThreadLocalCoders$2::hasName (43 bytes)
Event: 1180.988 Thread 0x000001deddc09e10 nmethod 9262 0x000001dec7c9d090 code [0x000001dec7c9d2a0, 0x000001dec7c9dc58]

GC Heap History (20 events):
Event: 9.257 GC heap before
{Heap before GC invocations=16 (full 0):
 garbage-first heap   total 51200K, used 40889K [0x0000000080e00000, 0x0000000100000000)
  region size 1024K, 19 young (19456K), 3 survivors (3072K)
 Metaspace       used 50336K, committed 50752K, reserved 1114112K
  class space    used 6588K, committed 6784K, reserved 1048576K
}
Event: 9.259 GC heap after
{Heap after GC invocations=17 (full 0):
 garbage-first heap   total 51200K, used 25009K [0x0000000080e00000, 0x0000000100000000)
  region size 1024K, 2 young (2048K), 2 survivors (2048K)
 Metaspace       used 50336K, committed 50752K, reserved 1114112K
  class space    used 6588K, committed 6784K, reserved 1048576K
}
Event: 9.363 GC heap before
{Heap before GC invocations=17 (full 0):
 garbage-first heap   total 51200K, used 41393K [0x0000000080e00000, 0x0000000100000000)
  region size 1024K, 18 young (18432K), 2 survivors (2048K)
 Metaspace       used 50581K, committed 51072K, reserved 1114112K
  class space    used 6602K, committed 6848K, reserved 1048576K
}
Event: 9.365 GC heap after
{Heap after GC invocations=18 (full 0):
 garbage-first heap   total 51200K, used 25219K [0x0000000080e00000, 0x0000000100000000)
  region size 1024K, 2 young (2048K), 2 survivors (2048K)
 Metaspace       used 50581K, committed 51072K, reserved 1114112K
  class space    used 6602K, committed 6848K, reserved 1048576K
}
Event: 10.000 GC heap before
{Heap before GC invocations=19 (full 0):
 garbage-first heap   total 51200K, used 42627K [0x0000000080e00000, 0x0000000100000000)
  region size 1024K, 19 young (19456K), 2 survivors (2048K)
 Metaspace       used 52735K, committed 53184K, reserved 1114112K
  class space    used 6879K, committed 7104K, reserved 1048576K
}
Event: 10.004 GC heap after
{Heap after GC invocations=20 (full 0):
 garbage-first heap   total 51200K, used 27204K [0x0000000080e00000, 0x0000000100000000)
  region size 1024K, 3 young (3072K), 3 survivors (3072K)
 Metaspace       used 52735K, committed 53184K, reserved 1114112K
  class space    used 6879K, committed 7104K, reserved 1048576K
}
Event: 10.311 GC heap before
{Heap before GC invocations=20 (full 0):
 garbage-first heap   total 51200K, used 41540K [0x0000000080e00000, 0x0000000100000000)
  region size 1024K, 17 young (17408K), 3 survivors (3072K)
 Metaspace       used 54088K, committed 54592K, reserved 1114112K
  class space    used 7056K, committed 7296K, reserved 1048576K
}
Event: 10.315 GC heap after
{Heap after GC invocations=21 (full 0):
 garbage-first heap   total 51200K, used 28783K [0x0000000080e00000, 0x0000000100000000)
  region size 1024K, 2 young (2048K), 2 survivors (2048K)
 Metaspace       used 54088K, committed 54592K, reserved 1114112K
  class space    used 7056K, committed 7296K, reserved 1048576K
}
Event: 10.660 GC heap before
{Heap before GC invocations=22 (full 0):
 garbage-first heap   total 51200K, used 41071K [0x0000000080e00000, 0x0000000100000000)
  region size 1024K, 14 young (14336K), 2 survivors (2048K)
 Metaspace       used 55390K, committed 55872K, reserved 1114112K
  class space    used 7217K, committed 7424K, reserved 1048576K
}
Event: 10.663 GC heap after
{Heap after GC invocations=23 (full 0):
 garbage-first heap   total 51200K, used 30255K [0x0000000080e00000, 0x0000000100000000)
  region size 1024K, 2 young (2048K), 2 survivors (2048K)
 Metaspace       used 55390K, committed 55872K, reserved 1114112K
  class space    used 7217K, committed 7424K, reserved 1048576K
}
Event: 11.091 GC heap before
{Heap before GC invocations=23 (full 0):
 garbage-first heap   total 51200K, used 41519K [0x0000000080e00000, 0x0000000100000000)
  region size 1024K, 13 young (13312K), 2 survivors (2048K)
 Metaspace       used 56645K, committed 57152K, reserved 1114112K
  class space    used 7420K, committed 7680K, reserved 1048576K
}
Event: 11.095 GC heap after
{Heap after GC invocations=24 (full 0):
 garbage-first heap   total 51200K, used 31012K [0x0000000080e00000, 0x0000000100000000)
  region size 1024K, 1 young (1024K), 1 survivors (1024K)
 Metaspace       used 56645K, committed 57152K, reserved 1114112K
  class space    used 7420K, committed 7680K, reserved 1048576K
}
Event: 11.392 GC heap before
{Heap before GC invocations=25 (full 0):
 garbage-first heap   total 55296K, used 42276K [0x0000000080e00000, 0x0000000100000000)
  region size 1024K, 12 young (12288K), 1 survivors (1024K)
 Metaspace       used 57236K, committed 57728K, reserved 1114112K
  class space    used 7523K, committed 7744K, reserved 1048576K
}
Event: 11.394 GC heap after
{Heap after GC invocations=26 (full 0):
 garbage-first heap   total 55296K, used 31346K [0x0000000080e00000, 0x0000000100000000)
  region size 1024K, 1 young (1024K), 1 survivors (1024K)
 Metaspace       used 57236K, committed 57728K, reserved 1114112K
  class space    used 7523K, committed 7744K, reserved 1048576K
}
Event: 11.594 GC heap before
{Heap before GC invocations=26 (full 0):
 garbage-first heap   total 55296K, used 45682K [0x0000000080e00000, 0x0000000100000000)
  region size 1024K, 15 young (15360K), 1 survivors (1024K)
 Metaspace       used 57419K, committed 57920K, reserved 1114112K
  class space    used 7523K, committed 7744K, reserved 1048576K
}
Event: 11.596 GC heap after
{Heap after GC invocations=27 (full 0):
 garbage-first heap   total 55296K, used 31678K [0x0000000080e00000, 0x0000000100000000)
  region size 1024K, 2 young (2048K), 2 survivors (2048K)
 Metaspace       used 57419K, committed 57920K, reserved 1114112K
  class space    used 7523K, committed 7744K, reserved 1048576K
}
Event: 52.658 GC heap before
{Heap before GC invocations=28 (full 0):
 garbage-first heap   total 61440K, used 44990K [0x0000000080e00000, 0x0000000100000000)
  region size 1024K, 15 young (15360K), 2 survivors (2048K)
 Metaspace       used 60018K, committed 60544K, reserved 1114112K
  class space    used 7808K, committed 8064K, reserved 1048576K
}
Event: 52.661 GC heap after
{Heap after GC invocations=29 (full 0):
 garbage-first heap   total 61440K, used 32473K [0x0000000080e00000, 0x0000000100000000)
  region size 1024K, 2 young (2048K), 2 survivors (2048K)
 Metaspace       used 60018K, committed 60544K, reserved 1114112K
  class space    used 7808K, committed 8064K, reserved 1048576K
}
Event: 1180.981 GC heap before
{Heap before GC invocations=29 (full 0):
 garbage-first heap   total 61440K, used 50905K [0x0000000080e00000, 0x0000000100000000)
  region size 1024K, 20 young (20480K), 2 survivors (2048K)
 Metaspace       used 63076K, committed 63680K, reserved 1114112K
  class space    used 8034K, committed 8320K, reserved 1048576K
}
Event: 1180.984 GC heap after
{Heap after GC invocations=30 (full 0):
 garbage-first heap   total 61440K, used 33048K [0x0000000080e00000, 0x0000000100000000)
  region size 1024K, 3 young (3072K), 3 survivors (3072K)
 Metaspace       used 63076K, committed 63680K, reserved 1114112K
  class space    used 8034K, committed 8320K, reserved 1048576K
}

Deoptimization events (20 events):
Event: 52.835 Thread 0x000001dee49647b0 DEOPT PACKING pc=0x000001decf1ed3d4 sp=0x00000051b72fadb0
Event: 52.835 Thread 0x000001dee49647b0 DEOPT UNPACKING pc=0x000001dec74f23a3 sp=0x00000051b72facc8 mode 2
Event: 52.835 Thread 0x000001dee49647b0 Uncommon trap: trap_request=0xffffff45 fr.pc=0x000001decf1bbf24 relative=0x0000000000000a04
Event: 52.835 Thread 0x000001dee49647b0 Uncommon trap: reason=unstable_if action=reinterpret pc=0x000001decf1bbf24 method=jdk.internal.org.objectweb.asm.Frame.push(Ljdk/internal/org/objectweb/asm/SymbolTable;Ljava/lang/String;)V @ 49 c2
Event: 52.835 Thread 0x000001dee49647b0 DEOPT PACKING pc=0x000001decf1bbf24 sp=0x00000051b72fad80
Event: 52.835 Thread 0x000001dee49647b0 DEOPT UNPACKING pc=0x000001dec74f23a3 sp=0x00000051b72fad40 mode 2
Event: 52.835 Thread 0x000001dee49647b0 Uncommon trap: trap_request=0xffffff45 fr.pc=0x000001decf153ec4 relative=0x0000000000000644
Event: 52.835 Thread 0x000001dee49647b0 Uncommon trap: reason=unstable_if action=reinterpret pc=0x000001decf153ec4 method=jdk.internal.org.objectweb.asm.Type.getArgumentsAndReturnSizes(Ljava/lang/String;)I @ 123 c2
Event: 52.835 Thread 0x000001dee49647b0 DEOPT PACKING pc=0x000001decf153ec4 sp=0x00000051b72fb420
Event: 52.835 Thread 0x000001dee49647b0 DEOPT UNPACKING pc=0x000001dec74f23a3 sp=0x00000051b72fb3a8 mode 2
Event: 52.838 Thread 0x000001dee49647b0 Uncommon trap: trap_request=0xffffff45 fr.pc=0x000001decf102360 relative=0x0000000000000400
Event: 52.838 Thread 0x000001dee49647b0 Uncommon trap: reason=unstable_if action=reinterpret pc=0x000001decf102360 method=jdk.internal.org.objectweb.asm.MethodWriter.visitVarInsn(II)V @ 242 c2
Event: 52.838 Thread 0x000001dee49647b0 DEOPT PACKING pc=0x000001decf102360 sp=0x00000051b72fbd70
Event: 52.838 Thread 0x000001dee49647b0 DEOPT UNPACKING pc=0x000001dec74f23a3 sp=0x00000051b72fbd08 mode 2
Event: 146.396 Thread 0x000001dee453da00 DEOPT PACKING pc=0x000001dec83e18fd sp=0x00000051b78fb560
Event: 146.396 Thread 0x000001dee453da00 DEOPT UNPACKING pc=0x000001dec74f2b43 sp=0x00000051b78faad0 mode 0
Event: 348.469 Thread 0x000001dee453e3a0 DEOPT PACKING pc=0x000001dec83e18fd sp=0x00000051b76fb140
Event: 348.469 Thread 0x000001dee453e3a0 DEOPT UNPACKING pc=0x000001dec74f2b43 sp=0x00000051b76fa6b0 mode 0
Event: 445.261 Thread 0x000001dee453da00 DEOPT PACKING pc=0x000001dec895cdbd sp=0x00000051b78fb060
Event: 445.261 Thread 0x000001dee453da00 DEOPT UNPACKING pc=0x000001dec74f2b43 sp=0x00000051b78fa6c0 mode 0

Classes loaded (20 events):
Event: 52.523 Loading class java/time/format/DateTimeFormatterBuilder$ReducedPrinterParser
Event: 52.524 Loading class java/time/format/DateTimeFormatterBuilder$ReducedPrinterParser done
Event: 52.772 Loading class java/util/concurrent/atomic/AtomicReferenceArray
Event: 52.772 Loading class java/util/concurrent/atomic/AtomicReferenceArray done
Event: 52.779 Loading class java/util/stream/LongStream
Event: 52.779 Loading class java/util/stream/LongStream done
Event: 52.779 Loading class java/util/stream/DoubleStream
Event: 52.780 Loading class java/util/stream/DoubleStream done
Event: 52.781 Loading class org/w3c/dom/Document
Event: 52.781 Loading class org/w3c/dom/Document done
Event: 52.834 Loading class jdk/internal/reflect/MethodHandleDoubleFieldAccessorImpl
Event: 52.835 Loading class jdk/internal/reflect/MethodHandleDoubleFieldAccessorImpl done
Event: 52.869 Loading class java/nio/StringCharBuffer
Event: 52.870 Loading class java/nio/StringCharBuffer done
Event: 52.871 Loading class sun/nio/cs/ISO_8859_1$Encoder
Event: 52.872 Loading class sun/nio/cs/ISO_8859_1$Encoder done
Event: 52.872 Loading class sun/nio/cs/Surrogate$Parser
Event: 52.872 Loading class sun/nio/cs/Surrogate$Parser done
Event: 52.872 Loading class sun/nio/cs/Surrogate
Event: 52.872 Loading class sun/nio/cs/Surrogate done

Classes unloaded (0 events):
No events

Classes redefined (0 events):
No events

Internal exceptions (20 events):
Event: 10.464 Thread 0x000001debe3c6950 Exception <a 'java/lang/NoSuchMethodError'{0x000000008875fbf0}: 'int java.lang.invoke.DirectMethodHandle$Holder.invokeStaticInit(java.lang.Object, java.lang.Object, java.lang.Object, java.lang.Object)'> (0x000000008875fbf0) 
thrown [s\open\src\hotspot\share\interpreter\linkResolver.cpp, line 766]
Event: 10.469 Thread 0x000001debe3c6950 Implicit null exception at 0x000001decf11c10f to 0x000001decf11c50f
Event: 10.624 Thread 0x000001debe3c6950 Exception <a 'java/lang/NoSuchMethodError'{0x00000000835518e8}: 'java.lang.Object java.lang.invoke.DirectMethodHandle$Holder.invokeSpecial(java.lang.Object, java.lang.Object, int, java.lang.Object, int, java.lang.Object)'> (0x00000000835518e8) 
thrown [s\open\src\hotspot\share\interpreter\linkResolver.cpp, line 766]
Event: 10.624 Thread 0x000001debe3c6950 Exception <a 'java/lang/NoSuchMethodError'{0x00000000835596e0}: 'java.lang.Object java.lang.invoke.DirectMethodHandle$Holder.newInvokeSpecial(java.lang.Object, java.lang.Object, int, java.lang.Object, int)'> (0x00000000835596e0) 
thrown [s\open\src\hotspot\share\interpreter\linkResolver.cpp, line 766]
Event: 10.624 Thread 0x000001debe3c6950 Exception <a 'java/lang/NoSuchMethodError'{0x000000008355d7e8}: 'java.lang.Object java.lang.invoke.DirectMethodHandle$Holder.invokeSpecial(java.lang.Object, java.lang.Object, java.lang.Object, int, java.lang.Object, int)'> (0x000000008355d7e8) 
thrown [s\open\src\hotspot\share\interpreter\linkResolver.cpp, line 766]
Event: 10.924 Thread 0x000001debe3c6950 Implicit null exception at 0x000001decf0d62ec to 0x000001decf0d63a0
Event: 11.065 Thread 0x000001debe3c6950 Exception <a 'java/lang/NoSuchMethodError'{0x00000000836f69f0}: 'java.lang.Object java.lang.invoke.DirectMethodHandle$Holder.newInvokeSpecial(java.lang.Object, java.lang.Object, java.lang.Object, java.lang.Object, java.lang.Object, java.lang.Object, java.lang.Object)'> (0x00000000836f69f0) 
thrown [s\open\src\hotspot\share\interpreter\linkResolver.cpp, line 766]
Event: 11.065 Thread 0x000001debe3c6950 Exception <a 'java/lang/NoSuchMethodError'{0x00000000836faed0}: 'java.lang.Object java.lang.invoke.Invokers$Holder.linkToTargetMethod(java.lang.Object, java.lang.Object, java.lang.Object, java.lang.Object, java.lang.Object, java.lang.Object, java.lang.Object)'> (0x00000000836faed0) 
thrown [s\open\src\hotspot\share\interpreter\linkResolver.cpp, line 766]
Event: 11.179 Thread 0x000001debe3c6950 Exception <a 'java/lang/NoSuchMethodError'{0x00000000888fcd68}: 'java.lang.Object java.lang.invoke.DirectMethodHandle$Holder.invokeStatic(java.lang.Object, int, java.lang.Object)'> (0x00000000888fcd68) 
thrown [s\open\src\hotspot\share\interpreter\linkResolver.cpp, line 766]
Event: 11.238 Thread 0x000001debe3c6950 Exception <a 'java/lang/NoSuchMethodError'{0x00000000885848f0}: 'java.lang.Object java.lang.invoke.DirectMethodHandle$Holder.newInvokeSpecial(java.lang.Object, java.lang.Object, java.lang.Object, int)'> (0x00000000885848f0) 
thrown [s\open\src\hotspot\share\interpreter\linkResolver.cpp, line 766]
Event: 11.238 Thread 0x000001debe3c6950 Exception <a 'java/lang/NoSuchMethodError'{0x00000000885889b8}: 'java.lang.Object java.lang.invoke.DirectMethodHandle$Holder.invokeSpecial(java.lang.Object, java.lang.Object, java.lang.Object, java.lang.Object, int)'> (0x00000000885889b8) 
thrown [s\open\src\hotspot\share\interpreter\linkResolver.cpp, line 766]
Event: 11.238 Thread 0x000001debe3c6950 Exception <a 'java/lang/NoSuchMethodError'{0x000000008858c0c0}: 'java.lang.Object java.lang.invoke.Invokers$Holder.linkToTargetMethod(java.lang.Object, java.lang.Object, int, java.lang.Object)'> (0x000000008858c0c0) 
thrown [s\open\src\hotspot\share\interpreter\linkResolver.cpp, line 766]
Event: 11.296 Thread 0x000001debe3c6950 Implicit null exception at 0x000001decf2b8b6b to 0x000001decf2b937c
Event: 11.296 Thread 0x000001debe3c6950 Implicit null exception at 0x000001decf184ea0 to 0x000001decf185b00
Event: 11.314 Thread 0x000001debe3c6950 Implicit null exception at 0x000001decf32db85 to 0x000001decf32deb2
Event: 52.716 Thread 0x000001dee49647b0 Exception <a 'java/lang/NoSuchMethodError'{0x00000000889faee8}: 'java.lang.Object java.lang.invoke.DirectMethodHandle$Holder.invokeInterface(java.lang.Object, java.lang.Object, java.lang.Object, java.lang.Object)'> (0x00000000889faee8) 
thrown [s\open\src\hotspot\share\interpreter\linkResolver.cpp, line 766]
Event: 52.734 Thread 0x000001dee49647b0 Exception <a 'java/lang/NoSuchMethodError'{0x0000000088895020}: 'java.lang.Object java.lang.invoke.DirectMethodHandle$Holder.invokeStaticInit(java.lang.Object, java.lang.Object, java.lang.Object, java.lang.Object, java.lang.Object, java.lang.Object)'> (0x0000000088895020) 
thrown [s\open\src\hotspot\share\interpreter\linkResolver.cpp, line 766]
Event: 52.835 Thread 0x000001dee49647b0 Exception <a 'java/lang/NoSuchMethodError'{0x00000000885b0cb8}: 'double java.lang.invoke.DelegatingMethodHandle$Holder.reinvoke_L(java.lang.Object, java.lang.Object)'> (0x00000000885b0cb8) 
thrown [s\open\src\hotspot\share\interpreter\linkResolver.cpp, line 766]
Event: 52.836 Thread 0x000001dee49647b0 Exception <a 'java/lang/NoSuchMethodError'{0x00000000885bba08}: 'void java.lang.invoke.DelegatingMethodHandle$Holder.reinvoke_L(java.lang.Object, java.lang.Object, double)'> (0x00000000885bba08) 
thrown [s\open\src\hotspot\share\interpreter\linkResolver.cpp, line 766]
Event: 52.837 Thread 0x000001dee49647b0 Exception <a 'java/lang/NoSuchMethodError'{0x00000000885cb840}: 'double java.lang.invoke.DirectMethodHandle$Holder.invokeVirtual(java.lang.Object, java.lang.Object)'> (0x00000000885cb840) 
thrown [s\open\src\hotspot\share\interpreter\linkResolver.cpp, line 766]

VM Operations (20 events):
Event: 994.634 Executing VM operation: Cleanup
Event: 994.634 Executing VM operation: Cleanup done
Event: 1046.063 Executing VM operation: Cleanup
Event: 1046.063 Executing VM operation: Cleanup done
Event: 1047.626 Executing VM operation: HandshakeAllThreads
Event: 1047.626 Executing VM operation: HandshakeAllThreads done
Event: 1047.627 Executing VM operation: Cleanup
Event: 1047.632 Executing VM operation: Cleanup done
Event: 1047.647 Executing VM operation: HandshakeAllThreads
Event: 1047.647 Executing VM operation: HandshakeAllThreads done
Event: 1048.655 Executing VM operation: Cleanup
Event: 1048.655 Executing VM operation: Cleanup done
Event: 1109.150 Executing VM operation: Cleanup
Event: 1109.150 Executing VM operation: Cleanup done
Event: 1112.174 Executing VM operation: Cleanup
Event: 1112.174 Executing VM operation: Cleanup done
Event: 1117.212 Executing VM operation: Cleanup
Event: 1117.212 Executing VM operation: Cleanup done
Event: 1180.981 Executing VM operation: G1CollectForAllocation
Event: 1180.984 Executing VM operation: G1CollectForAllocation done

Events (20 events):
Event: 1047.655 Thread 0x000001deddc27010 flushing nmethod 0x000001dec83d7b10
Event: 1047.655 Thread 0x000001deddc27010 flushing nmethod 0x000001dec83d8510
Event: 1047.655 Thread 0x000001deddc27010 flushing nmethod 0x000001dec83ec490
Event: 1047.655 Thread 0x000001deddc27010 flushing nmethod 0x000001dec83edb10
Event: 1047.655 Thread 0x000001deddc27010 flushing nmethod 0x000001dec83f2190
Event: 1047.655 Thread 0x000001deddc27010 flushing nmethod 0x000001dec8430710
Event: 1047.655 Thread 0x000001deddc27010 flushing nmethod 0x000001dec8436a10
Event: 1047.655 Thread 0x000001deddc27010 flushing nmethod 0x000001dec8437490
Event: 1047.655 Thread 0x000001deddc27010 flushing nmethod 0x000001dec843fc10
Event: 1047.655 Thread 0x000001deddc27010 flushing nmethod 0x000001dec847bb90
Event: 1047.655 Thread 0x000001deddc27010 flushing nmethod 0x000001dec8492210
Event: 1047.655 Thread 0x000001deddc27010 flushing nmethod 0x000001dec84b5510
Event: 1047.655 Thread 0x000001deddc27010 flushing nmethod 0x000001dec84c9410
Event: 1047.655 Thread 0x000001deddc27010 flushing nmethod 0x000001dec84dd210
Event: 1047.655 Thread 0x000001deddc27010 flushing nmethod 0x000001dec84ff690
Event: 1047.656 Thread 0x000001deddc27010 flushing nmethod 0x000001dec854a810
Event: 1047.656 Thread 0x000001deddc27010 flushing nmethod 0x000001dec854b790
Event: 1047.656 Thread 0x000001deddc27010 flushing nmethod 0x000001dec8587690
Event: 1047.656 Thread 0x000001deddc27010 flushing nmethod 0x000001dec859ba90
Event: 1047.656 Thread 0x000001deddc27010 flushing nmethod 0x000001dec8608110


Dynamic libraries:
0x00007ff62bd20000 - 0x00007ff62bd30000 	C:\Program Files\Java\jdk-18.0.1.1\bin\java.exe
0x00007ffc156d0000 - 0x00007ffc158c8000 	C:\WINDOWS\SYSTEM32\ntdll.dll
0x00007ffc155d0000 - 0x00007ffc1568f000 	C:\WINDOWS\System32\KERNEL32.DLL
0x00007ffc12950000 - 0x00007ffc12c22000 	C:\WINDOWS\System32\KERNELBASE.dll
0x00007ffc12850000 - 0x00007ffc12950000 	C:\WINDOWS\System32\ucrtbase.dll
0x00007ffc01c70000 - 0x00007ffc01c88000 	C:\Program Files\Java\jdk-18.0.1.1\bin\jli.dll
0x00007ffc12e20000 - 0x00007ffc12ece000 	C:\WINDOWS\System32\ADVAPI32.dll
0x00007ffc133e0000 - 0x00007ffc1347e000 	C:\WINDOWS\System32\msvcrt.dll
0x00007ffc12d80000 - 0x00007ffc12e1c000 	C:\WINDOWS\System32\sechost.dll
0x00007ffc14c70000 - 0x00007ffc14d95000 	C:\WINDOWS\System32\RPCRT4.dll
0x00007ffc15410000 - 0x00007ffc155ad000 	C:\WINDOWS\System32\USER32.dll
0x00007ffc12620000 - 0x00007ffc12642000 	C:\WINDOWS\System32\win32u.dll
0x00007ffc132a0000 - 0x00007ffc132cb000 	C:\WINDOWS\System32\GDI32.dll
0x00007ffc12510000 - 0x00007ffc1261f000 	C:\WINDOWS\System32\gdi32full.dll
0x00007ffc127b0000 - 0x00007ffc1284d000 	C:\WINDOWS\System32\msvcp_win.dll
0x00007ffbff6c0000 - 0x00007ffbff6da000 	C:\Program Files\Java\jdk-18.0.1.1\bin\VCRUNTIME140.dll
0x00007ffc117f0000 - 0x00007ffc11a8a000 	C:\WINDOWS\WinSxS\amd64_microsoft.windows.common-controls_6595b64144ccf1df_6.0.19041.1110_none_60b5254171f9507e\COMCTL32.dll
0x00007ffc0f150000 - 0x00007ffc0f15a000 	C:\WINDOWS\SYSTEM32\VERSION.dll
0x00007ffc14e00000 - 0x00007ffc14e32000 	C:\WINDOWS\System32\IMM32.DLL
0x00007ffc03040000 - 0x00007ffc0304c000 	C:\Program Files\Java\jdk-18.0.1.1\bin\vcruntime140_1.dll
0x00007ffbff630000 - 0x00007ffbff6bd000 	C:\Program Files\Java\jdk-18.0.1.1\bin\msvcp140.dll
0x00007ffb82350000 - 0x00007ffb82f60000 	C:\Program Files\Java\jdk-18.0.1.1\bin\server\jvm.dll
0x00007ffc133d0000 - 0x00007ffc133d8000 	C:\WINDOWS\System32\PSAPI.DLL
0x00007ffbffc20000 - 0x00007ffbffc29000 	C:\WINDOWS\SYSTEM32\WSOCK32.dll
0x00007ffc13360000 - 0x00007ffc133cb000 	C:\WINDOWS\System32\WS2_32.dll
0x00007ffc091d0000 - 0x00007ffc091f7000 	C:\WINDOWS\SYSTEM32\WINMM.dll
0x00007ffc0fc70000 - 0x00007ffc0fc82000 	C:\WINDOWS\SYSTEM32\kernel.appcore.dll
0x00007ffbff620000 - 0x00007ffbff62a000 	C:\Program Files\Java\jdk-18.0.1.1\bin\jimage.dll
0x00007ffc11e10000 - 0x00007ffc11ff4000 	C:\WINDOWS\SYSTEM32\DBGHELP.DLL
0x00007ffc11bc0000 - 0x00007ffc11bec000 	C:\WINDOWS\SYSTEM32\dbgcore.DLL
0x00007ffc12c70000 - 0x00007ffc12cf2000 	C:\WINDOWS\System32\bcryptPrimitives.dll
0x00007ffbff5f0000 - 0x00007ffbff615000 	C:\Program Files\Java\jdk-18.0.1.1\bin\java.dll
0x00007ffbe3950000 - 0x00007ffbe3a26000 	C:\Program Files\Java\jdk-18.0.1.1\bin\jsvml.dll
0x00007ffc143f0000 - 0x00007ffc14b33000 	C:\WINDOWS\System32\SHELL32.dll
0x00007ffc0fe70000 - 0x00007ffc10602000 	C:\WINDOWS\SYSTEM32\windows.storage.dll
0x00007ffc12ed0000 - 0x00007ffc13224000 	C:\WINDOWS\System32\combase.dll
0x00007ffc11750000 - 0x00007ffc11780000 	C:\WINDOWS\SYSTEM32\Wldp.dll
0x00007ffc136d0000 - 0x00007ffc1377d000 	C:\WINDOWS\System32\SHCORE.dll
0x00007ffc153b0000 - 0x00007ffc15405000 	C:\WINDOWS\System32\shlwapi.dll
0x00007ffc12320000 - 0x00007ffc1233f000 	C:\WINDOWS\SYSTEM32\profapi.dll
0x00007ffbe9f80000 - 0x00007ffbe9f93000 	C:\Program Files\Java\jdk-18.0.1.1\bin\net.dll
0x00007ffc07710000 - 0x00007ffc0781c000 	C:\WINDOWS\SYSTEM32\WINHTTP.dll
0x00007ffc11620000 - 0x00007ffc1168a000 	C:\WINDOWS\system32\mswsock.dll
0x00007ffbe9f60000 - 0x00007ffbe9f76000 	C:\Program Files\Java\jdk-18.0.1.1\bin\nio.dll
0x00007ffbe5570000 - 0x00007ffbe5588000 	C:\Program Files\Java\jdk-18.0.1.1\bin\zip.dll
0x00007ffbff5e0000 - 0x00007ffbff5f0000 	C:\Program Files\Java\jdk-18.0.1.1\bin\verify.dll
0x00007ffbf0510000 - 0x00007ffbf0519000 	C:\Program Files\Java\jdk-18.0.1.1\bin\management.dll
0x00007ffbe9f50000 - 0x00007ffbe9f5b000 	C:\Program Files\Java\jdk-18.0.1.1\bin\management_ext.dll
0x00007ffbf36a0000 - 0x00007ffbf36b7000 	C:\WINDOWS\system32\napinsp.dll
0x00007ffbf3680000 - 0x00007ffbf369b000 	C:\WINDOWS\system32\pnrpnsp.dll
0x00007ffbef410000 - 0x00007ffbef425000 	C:\WINDOWS\system32\wshbth.dll
0x00007ffc0f390000 - 0x00007ffc0f3ad000 	C:\WINDOWS\system32\NLAapi.dll
0x00007ffc111b0000 - 0x00007ffc111eb000 	C:\WINDOWS\SYSTEM32\IPHLPAPI.DLL
0x00007ffc111f0000 - 0x00007ffc112ba000 	C:\WINDOWS\SYSTEM32\DNSAPI.dll
0x00007ffc12d70000 - 0x00007ffc12d78000 	C:\WINDOWS\System32\NSI.dll
0x00007ffbf3660000 - 0x00007ffbf3672000 	C:\WINDOWS\System32\winrnr.dll
0x00007ffc07200000 - 0x00007ffc0720a000 	C:\Windows\System32\rasadhlp.dll
0x00007ffc07bb0000 - 0x00007ffc07c30000 	C:\WINDOWS\System32\fwpuclnt.dll
0x00007ffc124e0000 - 0x00007ffc12507000 	C:\WINDOWS\System32\bcrypt.dll
0x00007ffc12170000 - 0x00007ffc12188000 	C:\WINDOWS\SYSTEM32\CRYPTSP.dll
0x00007ffc10e40000 - 0x00007ffc10e74000 	C:\WINDOWS\system32\rsaenh.dll
0x00007ffc122e0000 - 0x00007ffc1230e000 	C:\WINDOWS\SYSTEM32\USERENV.dll
0x00007ffc11710000 - 0x00007ffc1171c000 	C:\WINDOWS\SYSTEM32\CRYPTBASE.dll
0x00007ffc0b510000 - 0x00007ffc0b527000 	C:\WINDOWS\SYSTEM32\dhcpcsvc6.DLL
0x00007ffc0b4f0000 - 0x00007ffc0b50d000 	C:\WINDOWS\SYSTEM32\dhcpcsvc.DLL
0x00007ffbe9eb0000 - 0x00007ffbe9ebe000 	C:\Program Files\Java\jdk-18.0.1.1\bin\sunmscapi.dll
0x00007ffc12650000 - 0x00007ffc127a6000 	C:\WINDOWS\System32\CRYPT32.dll
0x00007ffc117c0000 - 0x00007ffc117e7000 	C:\WINDOWS\SYSTEM32\ncrypt.dll
0x00007ffc11780000 - 0x00007ffc117bb000 	C:\WINDOWS\SYSTEM32\NTASN1.dll

dbghelp: loaded successfully - version: 4.0.5 - missing functions: none
symbol engine: initialized successfully - sym options: 0x614 - pdb path: .;C:\Program Files\Java\jdk-18.0.1.1\bin;C:\WINDOWS\SYSTEM32;C:\WINDOWS\WinSxS\amd64_microsoft.windows.common-controls_6595b64144ccf1df_6.0.19041.1110_none_60b5254171f9507e;C:\Program Files\Java\jdk-18.0.1.1\bin\server

VM Arguments:
jvm_args: -XX:+ShowCodeDetailsInExceptionMessages 
java_command: com.example.servicoshow.ServicoShowApplication
java_class_path (initial): C:\repo\Urbano-Manual\target\classes;C:\Users\Esther Mattos\.m2\repository\org\springframework\boot\spring-boot-starter-web\2.6.8\spring-boot-starter-web-2.6.8.jar;C:\Users\Esther Mattos\.m2\repository\org\springframework\boot\spring-boot-starter\2.6.8\spring-boot-starter-2.6.8.jar;C:\Users\Esther Mattos\.m2\repository\org\springframework\boot\spring-boot\2.6.8\spring-boot-2.6.8.jar;C:\Users\Esther Mattos\.m2\repository\org\springframework\boot\spring-boot-autoconfigure\2.6.8\spring-boot-autoconfigure-2.6.8.jar;C:\Users\Esther Mattos\.m2\repository\org\springframework\boot\spring-boot-starter-logging\2.6.8\spring-boot-starter-logging-2.6.8.jar;C:\Users\Esther Mattos\.m2\repository\ch\qos\logback\logback-classic\1.2.11\logback-classic-1.2.11.jar;C:\Users\Esther Mattos\.m2\repository\ch\qos\logback\logback-core\1.2.11\logback-core-1.2.11.jar;C:\Users\Esther Mattos\.m2\repository\org\apache\logging\log4j\log4j-to-slf4j\2.17.2\log4j-to-slf4j-2.17.2.jar;C:\Users\Esther Mattos\.m2\repository\org\apache\logging\log4j\log4j-api\2.17.2\log4j-api-2.17.2.jar;C:\Users\Esther Mattos\.m2\repository\org\slf4j\jul-to-slf4j\1.7.36\jul-to-slf4j-1.7.36.jar;C:\Users\Esther Mattos\.m2\repository\jakarta\annotation\jakarta.annotation-api\1.3.5\jakarta.annotation-api-1.3.5.jar;C:\Users\Esther Mattos\.m2\repository\org\yaml\snakeyaml\1.29\snakeyaml-1.29.jar;C:\Users\Esther Mattos\.m2\repository\org\springframework\boot\spring-boot-starter-json\2.6.8\spring-boot-starter-json-2.6.8.jar;C:\Users\Esther Mattos\.m2\repository\com\fasterxml\jackson\core\jackson-databind\2.13.3\jackson-databind-2.13.3.jar;C:\Users\Esther Mattos\.m2\repository\com\fasterxml\jackson\core\jackson-core\2.13.3\jackson-core-2.13.3.jar;C:\Users\Esther Mattos\.m2\repository\com\fasterxml\jackson\datatype\jackson-datatype-jdk8\2.13.3\jackson-datatype-jdk8-2.13.3.jar;C:\Users\Esther Mattos\.m2\repository\com\fasterxml\jackson\datatype\jackson-datatype-jsr310\2.13.3\jackson-datatype-jsr310-2.13.3.jar;C:\Users\Esther Mattos\.m2\repository\com\fasterxml\jackson\module\jackson-module-parameter-names\2.13.3\jackson-module-parameter-names-2.13.3.jar;C:\Users\Esther Mattos\.m2\repository\org\springframework\boot\spring-boot-starter-tomcat\2.6.8\spring-boot-starter-tomcat-2.6.8.jar;C:\Users\Esther Mattos\.m2\repository\org\apache\tomcat\embed\tomcat-embed-core\9.0.63\tomcat-embed-core-9.0.63.jar;C:\Users\Esther Mattos\.m2\repository\org\apache\tomcat\embed\tomcat-embed-el\9.0.63\tomcat-embed-el-9.0.63.jar;C:\Users\Esther Mattos\.m2\repository\org\apache\tomcat\embed\tomcat-embed-websocket\9.0.63\tomcat-embed-websocket-9.0.63.jar;C:\Users\Esther Mattos\.m2\repository\org\springframework\spring-web\5.3.20\spring-web-5.3.20.jar;C:\Users\Esther Mattos\.m2\repository\org\springframework\spring-beans\5.3.20\spring-beans-5.3.20.jar;C:\Users\Esther Mattos\.m2\repository\org\springframework\spring-webmvc\5.3.20\spring-webmvc-5.3.20.jar;C:\Users\Esther Mattos\.m2\repository\org\springframework\spring-aop\5.3.20\spring-aop-5.3.20.jar;C:\Users\Esther Mattos\.m2\repository\org\springframework\spring-context\5.3.20\spring-context-5.3.20.jar;C:\Users\Esther Mattos\.m2\repository\org\springframework\spring-expression\5.3.20\spring-expression-5.3.20.jar;C:\Users\Esther Mattos\.m2\repository\jakarta\xml\bind\jakarta.xml.bind-api\2.3.3\jakarta.xml.bind-api-2.3.3.jar;C:\Users\Esther Mattos\.m2\repository\jakarta\activation\jakarta.activation-api\1.2.2\jakarta.activation-api-1.2.2.jar;C:\Users\Esther Mattos\.m2\repository\org\springframework\spring-core\5.3.20\spring-core-5.3.20.jar;C:\Users\Esther Mattos\.m2\repository\org\springframework\spring-jcl\5.3.20\spring-jcl-5.3.20.jar;C:\Users\Esther Mattos\.m2\repository\javax\javaee-api\8.0\javaee-api-8.0.jar;C:\Users\Esther Mattos\.m2\repository\com\sun\mail\javax.mail\1.6.0\javax.mail-1.6.0.jar;C:\Users\Esther Mattos\.m2\repository\javax\activation\activation\1.1\activation-1.1.jar;C:\Users\Esther Mattos\.m2\repository\org\hibernate\hibernate-core\5.6.8.Final\hibernate-core-5.6.8.Final.jar;C:\Users\Esther Mattos\.m2\repository\org\jboss\logging\jboss-logging\3.4.3.Final\jboss-logging-3.4.3.Final.jar;C:\Users\Esther Mattos\.m2\repository\javax\persistence\javax.persistence-api\2.2\javax.persistence-api-2.2.jar;C:\Users\Esther Mattos\.m2\repository\net\bytebuddy\byte-buddy\1.11.22\byte-buddy-1.11.22.jar;C:\Users\Esther Mattos\.m2\repository\antlr\antlr\2.7.7\antlr-2.7.7.jar;C:\Users\Esther Mattos\.m2\repository\org\jboss\spec\javax\transaction\jboss-transaction-api_1.2_spec\1.1.1.Final\jboss-transaction-api_1.2_spec-1.1.1.Final.jar;C:\Users\Esther Mattos\.m2\repository\org\jboss\jandex\2.4.2.Final\jandex-2.4.2.Final.jar;C:\Users\Esther Mattos\.m2\repository\com\fasterxml\classmate\1.5.1\classmate-1.5.1.jar;C:\Users\Esther Mattos\.m2\repository\javax\activation\javax.activation-api\1.2.0\javax.activation-api-1.2.0.jar;C:\Users\Esther Mattos\.m2\repository\org\hibernate\common\hibernate-commons-annotations\5.1.2.Final\hibernate-commons-annotations-5.1.2.Final.jar;C:\Users\Esther Mattos\.m2\repository\org\glassfish\jaxb\jaxb-runtime\2.3.6\jaxb-runtime-2.3.6.jar;C:\Users\Esther Mattos\.m2\repository\org\glassfish\jaxb\txw2\2.3.6\txw2-2.3.6.jar;C:\Users\Esther Mattos\.m2\repository\com\sun\istack\istack-commons-runtime\3.0.12\istack-commons-runtime-3.0.12.jar;C:\Users\Esther Mattos\.m2\repository\com\sun\activation\jakarta.activation\1.2.2\jakarta.activation-1.2.2.jar;C:\Users\Esther Mattos\.m2\repository\org\hibernate\hibernate-entitymanager\5.6.8.Final\hibernate-entitymanager-5.6.8.Final.jar;C:\Users\Esther Mattos\.m2\repository\mysql\mysql-connector-java\8.0.29\mysql-connector-java-8.0.29.jar;C:\Users\Esther Mattos\.m2\repository\org\springframework\boot\spring-boot-starter-data-jpa\2.7.0\spring-boot-starter-data-jpa-2.7.0.jar;C:\Users\Esther Mattos\.m2\repository\org\springframework\boot\spring-boot-starter-aop\2.6.8\spring-boot-starter-aop-2.6.8.jar;C:\Users\Esther Mattos\.m2\repository\org\aspectj\aspectjweaver\1.9.7\aspectjweaver-1.9.7.jar;C:\Users\Esther Mattos\.m2\repository\org\springframework\boot\spring-boot-starter-jdbc\2.6.8\spring-boot-starter-jdbc-2.6.8.jar;C:\Users\Esther Mattos\.m2\repository\com\zaxxer\HikariCP\4.0.3\HikariCP-4.0.3.jar;C:\Users\Esther Mattos\.m2\repository\org\springframework\spring-jdbc\5.3.20\spring-jdbc-5.3.20.jar;C:\Users\Esther Mattos\.m2\repository\jakarta\transaction\jakarta.transaction-api\1.3.3\jakarta.transaction-api-1.3.3.jar;C:\Users\Esther Mattos\.m2\repository\jakarta\persistence\jakarta.persistence-api\2.2.3\jakarta.persistence-api-2.2.3.jar;C:\Users\Esther Mattos\.m2\repository\org\springframework\data\spring-data-jpa\2.6.4\spring-data-jpa-2.6.4.jar;C:\Users\Esther Mattos\.m2\repository\org\springframework\data\spring-data-commons\2.6.4\spring-data-commons-2.6.4.jar;C:\Users\Esther Mattos\.m2\repository\org\springframework\spring-orm\5.3.20\spring-orm-5.3.20.jar;C:\Users\Esther Mattos\.m2\repository\org\springframework\spring-tx\5.3.20\spring-tx-5.3.20.jar;C:\Users\Esther Mattos\.m2\repository\org\springframework\spring-aspects\5.3.20\spring-aspects-5.3.20.jar;C:\Users\Esther Mattos\.m2\repository\javax\xml\bind\jaxb-api\2.2.11\jaxb-api-2.2.11.jar;C:\Users\Esther Mattos\.m2\repository\io\springfox\springfox-swagger2\3.0.0\springfox-swagger2-3.0.0.jar;C:\Users\Esther Mattos\.m2\repository\io\springfox\springfox-spi\3.0.0\springfox-spi-3.0.0.jar;C:\Users\Esther Mattos\.m2\repository\io\springfox\springfox-core\3.0.0\springfox-core-3.0.0.jar;C:\Users\Esther Mattos\.m2\repository\io\springfox\springfox-schema\3.0.0\springfox-schema-3.0.0.jar;C:\Users\Esther Mattos\.m2\repository\io\springfox\springfox-swagger-common\3.0.0\springfox-swagger-common-3.0.0.jar;C:\Users\Esther Mattos\.m2\repository\io\swagger\core\v3\swagger-annotations\2.1.2\swagger-annotations-2.1.2.jar;C:\Users\Esther Mattos\.m2\repository\io\springfox\springfox-spring-web\3.0.0\springfox-spring-web-3.0.0.jar;C:\Users\Esther Mattos\.m2\repository\io\github\classgraph\classgraph\4.8.83\classgraph-4.8.83.jar;C:\Users\Esther Mattos\.m2\repository\io\springfox\springfox-spring-webmvc\3.0.0\springfox-spring-webmvc-3.0.0.jar;C:\Users\Esther Mattos\.m2\repository\io\springfox\springfox-spring-webflux\3.0.0\springfox-spring-webflux-3.0.0.jar;C:\Users\Esther Mattos\.m2\repository\org\slf4j\slf4j-api\1.7.36\slf4j-api-1.7.36.jar;C:\Users\Esther Mattos\.m2\repository\org\springframework\plugin\spring-plugin-core\2.0.0.RELEASE\spring-plugin-core-2.0.0.RELEASE.jar;C:\Users\Esther Mattos\.m2\repository\org\springframework\plugin\spring-plugin-metadata\2.0.0.RELEASE\spring-plugin-metadata-2.0.0.RELEASE.jar;C:\Users\Esther Mattos\.m2\repository\io\swagger\swagger-annotations\1.5.20\swagger-annotations-1.5.20.jar;C:\Users\Esther Mattos\.m2\repository\io\swagger\swagger-models\1.5.20\swagger-models-1.5.20.jar;C:\Users\Esther Mattos\.m2\repository\com\fasterxml\jackson\core\jackson-annotations\2.13.3\jackson-annotations-2.13.3.jar;C:\Users\Esther Mattos\.m2\repository\org\mapstruct\mapstruct\1.3.1.Final\mapstruct-1.3.1.Final.jar;C:\Users\Esther Mattos\.m2\repository\io\springfox\springfox-boot-starter\3.0.0\springfox-boot-starter-3.0.0.jar;C:\Users\Esther Mattos\.m2\repository\io\springfox\springfox-oas\3.0.0\springfox-oas-3.0.0.jar;C:\Users\Esther Mattos\.m2\repository\io\swagger\core\v3\swagger-models\2.1.2\swagger-models-2.1.2.jar;C:\Users\Esther Mattos\.m2\repository\io\springfox\springfox-data-rest\3.0.0\springfox-data-rest-3.0.0.jar;C:\Users\Esther Mattos\.m2\repository\io\springfox\springfox-bean-validators\3.0.0\springfox-bean-validators-3.0.0.jar;C:\Users\Esther Mattos\.m2\repository\io\springfox\springfox-swagger-ui\2.9.2\springfox-swagger-ui-2.9.2.jar
Launcher Type: SUN_STANDARD

[Global flags]
     intx CICompilerCount                          = 3                                         {product} {ergonomic}
     uint ConcGCThreads                            = 1                                         {product} {ergonomic}
     uint G1ConcRefinementThreads                  = 4                                         {product} {ergonomic}
   size_t G1HeapRegionSize                         = 1048576                                   {product} {ergonomic}
    uintx GCDrainStackTargetSize                   = 64                                        {product} {ergonomic}
   size_t InitialHeapSize                          = 134217728                                 {product} {ergonomic}
   size_t MarkStackSize                            = 4194304                                   {product} {ergonomic}
   size_t MaxHeapSize                              = 2132803584                                {product} {ergonomic}
   size_t MaxNewSize                               = 1279262720                                {product} {ergonomic}
   size_t MinHeapDeltaBytes                        = 1048576                                   {product} {ergonomic}
   size_t MinHeapSize                              = 8388608                                   {product} {ergonomic}
    uintx NonNMethodCodeHeapSize                   = 5832780                                {pd product} {ergonomic}
    uintx NonProfiledCodeHeapSize                  = 122912730                              {pd product} {ergonomic}
    uintx ProfiledCodeHeapSize                     = 122912730                              {pd product} {ergonomic}
    uintx ReservedCodeCacheSize                    = 251658240                              {pd product} {ergonomic}
     bool SegmentedCodeCache                       = true                                      {product} {ergonomic}
     bool ShowCodeDetailsInExceptionMessages       = true                                   {manageable} {command line}
   size_t SoftMaxHeapSize                          = 2132803584                             {manageable} {ergonomic}
     bool UseCompressedClassPointers               = true                           {product lp64_product} {ergonomic}
     bool UseCompressedOops                        = true                           {product lp64_product} {ergonomic}
     bool UseG1GC                                  = true                                      {product} {ergonomic}
     bool UseLargePagesIndividualAllocation        = false                                  {pd product} {ergonomic}

Logging:
Log output configuration:
 #0: stdout all=warning uptime,level,tags foldmultilines=false
 #1: stderr all=off uptime,level,tags foldmultilines=false

Environment Variables:
PATH=C:\Program Files\Common Files\Oracle\Java\javapath;C:\Program Files\heroku;C:\Program Files\Common Files\Microsoft Shared\Windows Live;C:\Program Files (x86)\Common Files\Oracle\Java\javapath;C:\ProgramData\Oracle\Java\javapath;C:\WINDOWS\system32;C:\WINDOWS;C:\WINDOWS\System32\Wbem;C:\WINDOWS\System32\WindowsPowerShell\v1.0\;C:\WINDOWS\System32\OpenSSH\;C:\Program Files\Git\cmd;C:\Program Files\heroku;C:\Program Files\Java\jdk-18.0.1.1\bin;;C:\Program Files\Docker\Docker\resources\bin;C:\ProgramData\DockerDesktop\version-bin;C:\Program Files\nodejs\;C:\Program Files\Common Files\Microsoft Shared\Windows Live;C:\Users\Esther Mattos\AppData\Local\Microsoft\WindowsApps;;C:\Users\Esther Mattos\AppData\Local\Programs\Microsoft VS Code\bin;C:\Users\Esther Mattos\AppData\Roaming\npm
USERNAME=EstherMattos
LANG=en_US.UTF-8
OS=Windows_NT
PROCESSOR_IDENTIFIER=Intel64 Family 6 Model 158 Stepping 10, GenuineIntel



---------------  S Y S T E M  ---------------

OS:
 Windows 10 , 64 bit Build 19041 (10.0.19041.2251)
OS uptime: 0 days 0:21 hours

CPU: total 4 (initial active 4) (4 cores per cpu, 1 threads per core) family 6 model 158 stepping 10 microcode 0xd6, cx8, cmov, fxsr, mmx, 3dnowpref, sse, sse2, sse3, ssse3, sse4.1, sse4.2, popcnt, lzcnt, tsc, tscinvbit, avx, avx2, aes, erms, clmul, bmi1, bmi2, adx, fma, vzeroupper, clflush, clflushopt

Memory: 4k page, system-wide physical 8132M (1440M free)
TotalPageFile size 18884M (AvailPageFile size 6446M)
current process WorkingSet (physical memory assigned to process): 159M, peak: 231M
current process commit charge ("private bytes"): 245M, peak: 269M

vm_info: Java HotSpot(TM) 64-Bit Server VM (18.0.1.1+2-6) for windows-amd64 JRE (18.0.1.1+2-6), built on Apr 25 2022 21:53:15 by "mach5one" with MS VC++ 16.8 / 16.9 (VS2019)

END.
